INFO:     Started server process [2752]
INFO:     Waiting for application startup.
2026-06-24 09:17:24,318 INFO sqlalchemy.engine.Engine select pg_catalog.version()
2026-06-24 09:17:24,318 INFO sqlalchemy.engine.Engine [raw sql] ()
2026-06-24 09:17:25,065 INFO sqlalchemy.engine.Engine select current_schema()
2026-06-24 09:17:25,065 INFO sqlalchemy.engine.Engine [raw sql] ()
2026-06-24 09:17:26,087 INFO sqlalchemy.engine.Engine show standard_conforming_strings
2026-06-24 09:17:26,087 INFO sqlalchemy.engine.Engine [raw sql] ()
2026-06-24 09:17:26,805 INFO sqlalchemy.engine.Engine BEGIN (implicit)
2026-06-24 09:17:26,808 INFO sqlalchemy.engine.Engine SELECT pg_catalog.pg_class.relname 
FROM pg_catalog.pg_class JOIN pg_catalog.pg_namespace ON pg_catalog.pg_namespace.oid = pg_catalog.pg_class.relnamespace 
WHERE pg_catalog.pg_class.relname = $1::VARCHAR AND pg_catalog.pg_class.relkind = ANY (ARRAY[$2::VARCHAR, $3::VARCHAR, $4::VARCHAR, $5::VARCHAR, $6::VARCHAR]) AND pg_catalog.pg_table_is_visible(pg_catalog.pg_class.oid) AND pg_catalog.pg_namespace.nspname != $7::VARCHAR
2026-06-24 09:17:26,808 INFO sqlalchemy.engine.Engine [generated in 0.00020s] ('analytics', 'r', 'p', 'f', 'v', 'm', 'pg_catalog')
2026-06-24 09:17:27,627 INFO sqlalchemy.engine.Engine SELECT pg_catalog.pg_class.relname 
FROM pg_catalog.pg_class JOIN pg_catalog.pg_namespace ON pg_catalog.pg_namespace.oid = pg_catalog.pg_class.relnamespace 
WHERE pg_catalog.pg_class.relname = $1::VARCHAR AND pg_catalog.pg_class.relkind = ANY (ARRAY[$2::VARCHAR, $3::VARCHAR, $4::VARCHAR, $5::VARCHAR, $6::VARCHAR]) AND pg_catalog.pg_table_is_visible(pg_catalog.pg_class.oid) AND pg_catalog.pg_namespace.nspname != $7::VARCHAR
2026-06-24 09:17:27,627 INFO sqlalchemy.engine.Engine [cached since 0.8191s ago] ('qrcode', 'r', 'p', 'f', 'v', 'm', 'pg_catalog')
2026-06-24 09:17:27,930 INFO sqlalchemy.engine.Engine SELECT pg_catalog.pg_class.relname 
FROM pg_catalog.pg_class JOIN pg_catalog.pg_namespace ON pg_catalog.pg_namespace.oid = pg_catalog.pg_class.relnamespace 
WHERE pg_catalog.pg_class.relname = $1::VARCHAR AND pg_catalog.pg_class.relkind = ANY (ARRAY[$2::VARCHAR, $3::VARCHAR, $4::VARCHAR, $5::VARCHAR, $6::VARCHAR]) AND pg_catalog.pg_table_is_visible(pg_catalog.pg_class.oid) AND pg_catalog.pg_namespace.nspname != $7::VARCHAR
2026-06-24 09:17:27,930 INFO sqlalchemy.engine.Engine [cached since 1.123s ago] ('url', 'r', 'p', 'f', 'v', 'm', 'pg_catalog')
2026-06-24 09:17:28,145 INFO sqlalchemy.engine.Engine SELECT pg_catalog.pg_class.relname 
FROM pg_catalog.pg_class JOIN pg_catalog.pg_namespace ON pg_catalog.pg_namespace.oid = pg_catalog.pg_class.relnamespace 
WHERE pg_catalog.pg_class.relname = $1::VARCHAR AND pg_catalog.pg_class.relkind = ANY (ARRAY[$2::VARCHAR, $3::VARCHAR, $4::VARCHAR, $5::VARCHAR, $6::VARCHAR]) AND pg_catalog.pg_table_is_visible(pg_catalog.pg_class.oid) AND pg_catalog.pg_namespace.nspname != $7::VARCHAR
2026-06-24 09:17:28,146 INFO sqlalchemy.engine.Engine [cached since 1.338s ago] ('user', 'r', 'p', 'f', 'v', 'm', 'pg_catalog')
2026-06-24 09:17:28,443 INFO sqlalchemy.engine.Engine COMMIT
INFO:     Application startup complete.
INFO:     Uvicorn running on http://127.0.0.1:8001 (Press CTRL+C to quit)
INFO:     Shutting down
INFO:     Waiting for application shutdown.
INFO:     Application shutdown complete.
INFO:     Finished server process [2752]
